www.ibearhost.com GET / HTTP/1.1 200 9753
www.ibearhost.com GET / HTTP/1.1 200 9753
www.ibearhost.com GET / HTTP/1.1 200 9753
www-inst.eecs.berkeley.edu GET /~cs168/fa14/ HTTP/1.1 200 273
www-inst.eecs.berkeley.edu GET /~cs168/fa14/overview.html HTTP/1.1 200 2581
www.eecs.berkeley.edu GET /Includes/EECS-images/eecslogo.gif HTTP/1.1 200 828
www-inst.eecs.berkeley.edu GET /~cs168/fa14 HTTP/1.1 301 254
google.com GET / HTTP/1.1 301 219
www.google.com GET / HTTP/1.1 200 -1
clients1.google.com POST /ocsp HTTP/1.1 200 463
www.berkeley.edu GET / HTTP/1.1 200 -1
54.173.224.150 GET / HTTP/1.1 200 -1
thecatapi.com GET /api/images/get?format=src&type=gif HTTP/1.1 302 0
24.media.tumblr.com GET /tumblr_lhhw2tJawy1qcc20go1_400.gif HTTP/1.1 200 510340
54.173.224.150 GET /favicon.ico HTTP/1.1 200 -1
www-inst.eecs.berkeley.edu GET /~cs168/fa14 HTTP/1.1 301 254
www-inst.eecs.berkeley.edu GET /~cs168/fa14/images/Keycard_A.png HTTP/1.1 200 324
www.eecs.berkeley.edu GET /Includes/EECS-images/eecslogo.gif HTTP/1.1 200 828
clients1.google.com POST /ocsp HTTP/1.1 200 463
start.ubuntu.com GET /14.04/Google/?sourceid=hp HTTP/1.1 200 1872
www-inst.eecs.berkeley.edu GET /~cs168/fa14 HTTP/1.1 301 254
www-inst.eecs.berkeley.edu GET /~cs168/fa14/images/Keycard_A.png HTTP/1.1 200 324
www.eecs.berkeley.edu GET /Includes/EECS-images/eecslogo.gif HTTP/1.1 200 828
start.ubuntu.com GET /14.04/Google/?sourceid=hp HTTP/1.1 304 -1
www-inst.eecs.berkeley.edu GET /~cs168/fa14 HTTP/1.1 301 254
www.eecs.berkeley.edu GET /Includes/EECS-images/eecslogo.gif HTTP/1.1 200 828
www-inst.eecs.berkeley.edu GET /~cs168/fa14/images/Keycard_A.png HTTP/1.1 200 324
www-inst.eecs.berkeley.edu GET /~cs168/fa14 HTTP/1.1 301 254
www.eecs.berkeley.edu GET /Includes/EECS-images/eecslogo.gif HTTP/1.1 200 828
www-inst.eecs.berkeley.edu GET /~cs168/fa14/images/Keycard_A.png HTTP/1.1 200 324
www-inst.eecs.berkeley.edu GET /~cs168/fa14 HTTP/1.1 301 254
www-inst.eecs.berkeley.edu GET /~cs168/fa14/overview.html HTTP/1.1 200 2581
www.eecs.berkeley.edu GET /Includes/EECS-images/eecslogo.gif HTTP/1.1 200 828
www-inst.eecs.berkeley.edu GET /favicon.ico HTTP/1.1 200 0
www-inst.eecs.berkeley.edu GET /~cs168/fa14 HTTP/1.1 301 254
www-inst.eecs.berkeley.edu GET /~cs168/fa14/overview.html HTTP/1.1 200 2581
www.eecs.berkeley.edu GET /Includes/EECS-images/eecslogo.gif HTTP/1.1 200 828
www-inst.eecs.berkeley.edu GET /favicon.ico HTTP/1.1 200 0
www-inst.eecs.berkeley.edu GET /~cs168/fa14 HTTP/1.1 301 254
www-inst.eecs.berkeley.edu GET /~cs168/fa14/overview.html HTTP/1.1 200 2581
www.eecs.berkeley.edu GET /Includes/EECS-images/eecslogo.gif HTTP/1.1 200 828
www-inst.eecs.berkeley.edu GET /favicon.ico HTTP/1.1 200 0
www-inst.eecs.berkeley.edu GET /~cs168/fa14 HTTP/1.1 301 254
www-inst.eecs.berkeley.edu GET /~cs168/fa14/overview.html HTTP/1.1 200 2581
www.eecs.berkeley.edu GET /Includes/EECS-images/eecslogo.gif HTTP/1.1 200 828
www-inst.eecs.berkeley.edu GET /favicon.ico HTTP/1.1 200 0
www-inst.eecs.berkeley.edu GET /~cs168/fa14 HTTP/1.1 301 254
www-inst.eecs.berkeley.edu GET /~cs168/fa14/overview.html HTTP/1.1 200 2581
www.eecs.berkeley.edu GET /Includes/EECS-images/eecslogo.gif HTTP/1.1 200 828
www-inst.eecs.berkeley.edu GET /favicon.ico HTTP/1.1 200 0
www-inst.eecs.berkeley.edu GET /~cs168/fa14 HTTP/1.1 301 254
www-inst.eecs.berkeley.edu GET /~cs168/fa14/overview.html HTTP/1.1 200 2581
www.eecs.berkeley.edu GET /Includes/EECS-images/eecslogo.gif HTTP/1.1 200 828
www-inst.eecs.berkeley.edu GET /favicon.ico HTTP/1.1 200 0
www-inst.eecs.berkeley.edu GET /~cs168/fa14 HTTP/1.1 301 254
www-inst.eecs.berkeley.edu GET /~cs168/fa14/overview.html HTTP/1.1 200 2581
www.eecs.berkeley.edu GET /Includes/EECS-images/eecslogo.gif HTTP/1.1 200 828
www-inst.eecs.berkeley.edu GET /favicon.ico HTTP/1.1 200 0
